<?xml version="1.0" encoding="UTF-8"?>
<testng-results ignored="0" total="1" passed="1" failed="0" skipped="0">
  <reporter-output>
  </reporter-output>
  <suite started-at="2021-12-04T07:25:05Z" name="Default suite" finished-at="2021-12-04T07:25:09Z" duration-ms="3735">
    <groups>
    </groups>
    <test started-at="2021-12-04T07:25:05Z" name="Default test" finished-at="2021-12-04T07:25:09Z" duration-ms="3735">
      <class name="RestAPI.GetRequest">
        <test-method signature="getCall()[pri:0, instance:RestAPI.GetRequest@1bd39d3c]" started-at="2021-12-04T07:25:05Z" name="getCall" finished-at="2021-12-04T07:25:09Z" duration-ms="3716" status="PASS">
          <reporter-output>
          </reporter-output>
        </test-method> <!-- getCall -->
      </class> <!-- RestAPI.GetRequest -->
    </test> <!-- Default test -->
  </suite> <!-- Default suite -->
</testng-results>
